{"/Users/helge/Projects/equator/src/lib/model/binaryOperation.ts": {"path":"/Users/helge/Projects/equator/src/lib/model/binaryOperation.ts","statementMap":{"0":{"start":{"line":3,"column":0},"end":{"line":3,"column":36}},"1":{"start":{"line":9,"column":8},"end":{"line":9,"column":24}},"2":{"start":{"line":10,"column":8},"end":{"line":10,"column":33}},"3":{"start":{"line":11,"column":8},"end":{"line":11,"column":35}},"4":{"start":{"line":15,"column":8},"end":{"line":15,"column":93}},"5":{"start":{"line":19,"column":8},"end":{"line":19,"column":208}},"6":{"start":{"line":23,"column":37},"end":{"line":23,"column":78}},"7":{"start":{"line":24,"column":39},"end":{"line":24,"column":81}},"8":{"start":{"line":25,"column":8},"end":{"line":30,"column":null}},"9":{"start":{"line":26,"column":31},"end":{"line":26,"column":43}},"10":{"start":{"line":27,"column":12},"end":{"line":27,"column":44}},"11":{"start":{"line":28,"column":12},"end":{"line":28,"column":46}},"12":{"start":{"line":29,"column":12},"end":{"line":29,"column":40}},"13":{"start":{"line":31,"column":8},"end":{"line":31,"column":29}},"14":{"start":{"line":5,"column":0},"end":{"line":5,"column":30}}},"fnMap":{"0":{"name":"(anonymous_1)","decl":{"start":{"line":8,"column":4},"end":{"line":8,"column":16}},"loc":{"start":{"line":8,"column":65},"end":{"line":12,"column":5}}},"1":{"name":"(anonymous_2)","decl":{"start":{"line":14,"column":4},"end":{"line":14,"column":12}},"loc":{"start":{"line":14,"column":12},"end":{"line":16,"column":5}}},"2":{"name":"(anonymous_3)","decl":{"start":{"line":18,"column":4},"end":{"line":18,"column":22}},"loc":{"start":{"line":18,"column":44},"end":{"line":20,"column":5}}},"3":{"name":"(anonymous_4)","decl":{"start":{"line":22,"column":4},"end":{"line":22,"column":20}},"loc":{"start":{"line":22,"column":42},"end":{"line":32,"column":5}}}},"branchMap":{"0":{"loc":{"start":{"line":19,"column":15},"end":{"line":19,"column":207}},"type":"binary-expr","locations":[{"start":{"line":19,"column":16},"end":{"line":19,"column":59}},{"start":{"line":19,"column":63},"end":{"line":19,"column":108}},{"start":{"line":19,"column":114},"end":{"line":19,"column":158}},{"start":{"line":19,"column":162},"end":{"line":19,"column":206}}]},"1":{"loc":{"start":{"line":25,"column":8},"end":{"line":30,"column":null}},"type":"if","locations":[{"start":{"line":25,"column":8},"end":{"line":30,"column":null}}]},"2":{"loc":{"start":{"line":25,"column":12},"end":{"line":25,"column":39}},"type":"binary-expr","locations":[{"start":{"line":25,"column":12},"end":{"line":25,"column":23}},{"start":{"line":25,"column":27},"end":{"line":25,"column":39}}]}},"s":{"0":2,"1":38,"2":38,"3":38,"4":0,"5":0,"6":0,"7":0,"8":0,"9":0,"10":0,"11":0,"12":0,"13":0,"14":2},"f":{"0":38,"1":0,"2":0,"3":0},"b":{"0":[0,0,0,0],"1":[0],"2":[0,0]}}
,"/Users/helge/Projects/equator/src/lib/model/constant.ts": {"path":"/Users/helge/Projects/equator/src/lib/model/constant.ts","statementMap":{"0":{"start":{"line":2,"column":0},"end":{"line":2,"column":26}},"1":{"start":{"line":11,"column":8},"end":{"line":11,"column":16}},"2":{"start":{"line":12,"column":8},"end":{"line":12,"column":27}},"3":{"start":{"line":7,"column":8},"end":{"line":7,"column":70}},"4":{"start":{"line":16,"column":8},"end":{"line":16,"column":37}},"5":{"start":{"line":20,"column":8},"end":{"line":20,"column":29}},"6":{"start":{"line":5,"column":0},"end":{"line":5,"column":21}}},"fnMap":{"0":{"name":"(anonymous_1)","decl":{"start":{"line":10,"column":4},"end":{"line":10,"column":16}},"loc":{"start":{"line":10,"column":29},"end":{"line":13,"column":5}}},"1":{"name":"(anonymous_2)","decl":{"start":{"line":6,"column":4},"end":{"line":6,"column":18}},"loc":{"start":{"line":6,"column":29},"end":{"line":8,"column":5}}},"2":{"name":"(anonymous_3)","decl":{"start":{"line":15,"column":4},"end":{"line":15,"column":12}},"loc":{"start":{"line":15,"column":12},"end":{"line":17,"column":5}}},"3":{"name":"(anonymous_4)","decl":{"start":{"line":19,"column":4},"end":{"line":19,"column":20}},"loc":{"start":{"line":19,"column":42},"end":{"line":21,"column":5}}}},"branchMap":{"0":{"loc":{"start":{"line":7,"column":15},"end":{"line":7,"column":69}},"type":"binary-expr","locations":[{"start":{"line":7,"column":16},"end":{"line":7,"column":40}},{"start":{"line":7,"column":45},"end":{"line":7,"column":69}}]}},"s":{"0":2,"1":55,"2":55,"3":3,"4":0,"5":0,"6":2},"f":{"0":55,"1":3,"2":0,"3":0},"b":{"0":[3,0]}}
,"/Users/helge/Projects/equator/src/lib/model/equation.ts": {"path":"/Users/helge/Projects/equator/src/lib/model/equation.ts","statementMap":{"0":{"start":{"line":1,"column":0},"end":{"line":1,"column":34}},"1":{"start":{"line":2,"column":0},"end":{"line":2,"column":54}},"2":{"start":{"line":4,"column":0},"end":{"line":4,"column":34}},"3":{"start":{"line":10,"column":8},"end":{"line":10,"column":33}},"4":{"start":{"line":11,"column":8},"end":{"line":11,"column":35}},"5":{"start":{"line":15,"column":37},"end":{"line":15,"column":61}},"6":{"start":{"line":16,"column":39},"end":{"line":16,"column":64}},"7":{"start":{"line":17,"column":8},"end":{"line":18,"column":59}},"8":{"start":{"line":18,"column":12},"end":{"line":18,"column":59}},"9":{"start":{"line":19,"column":8},"end":{"line":19,"column":29}},"10":{"start":{"line":23,"column":8},"end":{"line":23,"column":76}},"11":{"start":{"line":27,"column":25},"end":{"line":27,"column":183}},"12":{"start":{"line":29,"column":8},"end":{"line":33,"column":null}},"13":{"start":{"line":30,"column":23},"end":{"line":30,"column":36}},"14":{"start":{"line":31,"column":12},"end":{"line":31,"column":43}},"15":{"start":{"line":32,"column":12},"end":{"line":32,"column":34}},"16":{"start":{"line":34,"column":8},"end":{"line":34,"column":26}},"17":{"start":{"line":38,"column":8},"end":{"line":38,"column":48}},"18":{"start":{"line":42,"column":37},"end":{"line":42,"column":78}},"19":{"start":{"line":43,"column":39},"end":{"line":43,"column":81}},"20":{"start":{"line":44,"column":8},"end":{"line":45,"column":59}},"21":{"start":{"line":45,"column":12},"end":{"line":45,"column":59}},"22":{"start":{"line":46,"column":8},"end":{"line":46,"column":29}},"23":{"start":{"line":6,"column":0},"end":{"line":6,"column":21}}},"fnMap":{"0":{"name":"(anonymous_1)","decl":{"start":{"line":9,"column":4},"end":{"line":9,"column":16}},"loc":{"start":{"line":9,"column":47},"end":{"line":12,"column":5}}},"1":{"name":"(anonymous_2)","decl":{"start":{"line":14,"column":4},"end":{"line":14,"column":12}},"loc":{"start":{"line":14,"column":12},"end":{"line":20,"column":5}}},"2":{"name":"(anonymous_3)","decl":{"start":{"line":22,"column":4},"end":{"line":22,"column":12}},"loc":{"start":{"line":22,"column":12},"end":{"line":24,"column":5}}},"3":{"name":"(anonymous_4)","decl":{"start":{"line":26,"column":4},"end":{"line":26,"column":24}},"loc":{"start":{"line":26,"column":24},"end":{"line":35,"column":5}}},"4":{"name":"(anonymous_5)","decl":{"start":{"line":37,"column":4},"end":{"line":37,"column":9}},"loc":{"start":{"line":37,"column":9},"end":{"line":39,"column":5}}},"5":{"name":"(anonymous_6)","decl":{"start":{"line":41,"column":4},"end":{"line":41,"column":20}},"loc":{"start":{"line":41,"column":42},"end":{"line":47,"column":5}}}},"branchMap":{"0":{"loc":{"start":{"line":17,"column":8},"end":{"line":18,"column":59}},"type":"if","locations":[{"start":{"line":17,"column":8},"end":{"line":18,"column":59}}]},"1":{"loc":{"start":{"line":17,"column":12},"end":{"line":17,"column":39}},"type":"binary-expr","locations":[{"start":{"line":17,"column":12},"end":{"line":17,"column":23}},{"start":{"line":17,"column":27},"end":{"line":17,"column":39}}]},"2":{"loc":{"start":{"line":27,"column":25},"end":{"line":27,"column":183}},"type":"binary-expr","locations":[{"start":{"line":27,"column":27},"end":{"line":27,"column":60}},{"start":{"line":27,"column":66},"end":{"line":27,"column":100}},{"start":{"line":27,"column":108},"end":{"line":27,"column":141}},{"start":{"line":27,"column":147},"end":{"line":27,"column":181}}]},"3":{"loc":{"start":{"line":29,"column":8},"end":{"line":33,"column":null}},"type":"if","locations":[{"start":{"line":29,"column":8},"end":{"line":33,"column":null}}]},"4":{"loc":{"start":{"line":29,"column":12},"end":{"line":29,"column":61}},"type":"binary-expr","locations":[{"start":{"line":29,"column":12},"end":{"line":29,"column":22}},{"start":{"line":29,"column":27},"end":{"line":29,"column":60}}]},"5":{"loc":{"start":{"line":44,"column":8},"end":{"line":45,"column":59}},"type":"if","locations":[{"start":{"line":44,"column":8},"end":{"line":45,"column":59}}]},"6":{"loc":{"start":{"line":44,"column":12},"end":{"line":44,"column":39}},"type":"binary-expr","locations":[{"start":{"line":44,"column":12},"end":{"line":44,"column":23}},{"start":{"line":44,"column":27},"end":{"line":44,"column":39}}]}},"s":{"0":2,"1":2,"2":2,"3":10,"4":10,"5":0,"6":0,"7":0,"8":0,"9":0,"10":0,"11":0,"12":0,"13":0,"14":0,"15":0,"16":0,"17":0,"18":0,"19":0,"20":0,"21":0,"22":0,"23":2},"f":{"0":10,"1":0,"2":0,"3":0,"4":0,"5":0},"b":{"0":[0],"1":[0,0],"2":[0,0,0,0],"3":[0],"4":[0,0],"5":[0],"6":[0,0]}}
,"/Users/helge/Projects/equator/src/lib/model/leaf.ts": {"path":"/Users/helge/Projects/equator/src/lib/model/leaf.ts","statementMap":{"0":{"start":{"line":1,"column":0},"end":{"line":1,"column":26}},"1":{"start":{"line":5,"column":8},"end":{"line":5,"column":29}},"2":{"start":{"line":3,"column":0},"end":{"line":3,"column":30}}},"fnMap":{"0":{"name":"(anonymous_1)","decl":{"start":{"line":4,"column":4},"end":{"line":4,"column":12}},"loc":{"start":{"line":4,"column":12},"end":{"line":6,"column":5}}}},"branchMap":{},"s":{"0":2,"1":21,"2":2},"f":{"0":21},"b":{}}
,"/Users/helge/Projects/equator/src/lib/model/node.ts": {"path":"/Users/helge/Projects/equator/src/lib/model/node.ts","statementMap":{"0":{"start":{"line":3,"column":0},"end":{"line":3,"column":30}}},"fnMap":{},"branchMap":{},"s":{"0":2},"f":{},"b":{}}
,"/Users/helge/Projects/equator/src/lib/model/operation.ts": {"path":"/Users/helge/Projects/equator/src/lib/model/operation.ts","statementMap":{"0":{"start":{"line":1,"column":0},"end":{"line":1,"column":26}},"1":{"start":{"line":6,"column":8},"end":{"line":6,"column":16}},"2":{"start":{"line":7,"column":8},"end":{"line":7,"column":33}},"3":{"start":{"line":3,"column":0},"end":{"line":3,"column":30}}},"fnMap":{"0":{"name":"(anonymous_1)","decl":{"start":{"line":5,"column":4},"end":{"line":5,"column":16}},"loc":{"start":{"line":5,"column":32},"end":{"line":8,"column":5}}}},"branchMap":{},"s":{"0":2,"1":38,"2":38,"3":2},"f":{"0":38},"b":{}}
,"/Users/helge/Projects/equator/src/lib/model/variable.ts": {"path":"/Users/helge/Projects/equator/src/lib/model/variable.ts","statementMap":{"0":{"start":{"line":2,"column":0},"end":{"line":2,"column":26}},"1":{"start":{"line":13,"column":8},"end":{"line":13,"column":16}},"2":{"start":{"line":14,"column":8},"end":{"line":14,"column":25}},"3":{"start":{"line":7,"column":8},"end":{"line":7,"column":68}},"4":{"start":{"line":18,"column":8},"end":{"line":18,"column":25}},"5":{"start":{"line":22,"column":23},"end":{"line":22,"column":102}},"6":{"start":{"line":22,"column":53},"end":{"line":22,"column":101}},"7":{"start":{"line":23,"column":8},"end":{"line":25,"column":null}},"8":{"start":{"line":24,"column":12},"end":{"line":24,"column":33}},"9":{"start":{"line":26,"column":8},"end":{"line":26,"column":45}},"10":{"start":{"line":5,"column":0},"end":{"line":5,"column":21}}},"fnMap":{"0":{"name":"(anonymous_1)","decl":{"start":{"line":12,"column":4},"end":{"line":12,"column":16}},"loc":{"start":{"line":12,"column":28},"end":{"line":15,"column":5}}},"1":{"name":"(anonymous_2)","decl":{"start":{"line":6,"column":4},"end":{"line":6,"column":18}},"loc":{"start":{"line":6,"column":29},"end":{"line":8,"column":5}}},"2":{"name":"(anonymous_3)","decl":{"start":{"line":17,"column":4},"end":{"line":17,"column":12}},"loc":{"start":{"line":17,"column":12},"end":{"line":19,"column":5}}},"3":{"name":"(anonymous_4)","decl":{"start":{"line":21,"column":4},"end":{"line":21,"column":20}},"loc":{"start":{"line":21,"column":42},"end":{"line":27,"column":5}}},"4":{"name":"(anonymous_5)","decl":{"start":{"line":22,"column":40},"end":{"line":22,"column":48}},"loc":{"start":{"line":22,"column":53},"end":{"line":22,"column":101}}}},"branchMap":{"0":{"loc":{"start":{"line":7,"column":15},"end":{"line":7,"column":67}},"type":"binary-expr","locations":[{"start":{"line":7,"column":16},"end":{"line":7,"column":40}},{"start":{"line":7,"column":45},"end":{"line":7,"column":67}}]},"1":{"loc":{"start":{"line":23,"column":8},"end":{"line":25,"column":null}},"type":"if","locations":[{"start":{"line":23,"column":8},"end":{"line":25,"column":null}}]}},"s":{"0":2,"1":28,"2":28,"3":2,"4":0,"5":0,"6":0,"7":0,"8":0,"9":0,"10":2},"f":{"0":28,"1":2,"2":0,"3":0,"4":0},"b":{"0":[2,2],"1":[0]}}
,"/Users/helge/Projects/equator/src/lib/model/operations/add.ts": {"path":"/Users/helge/Projects/equator/src/lib/model/operations/add.ts","statementMap":{"0":{"start":{"line":1,"column":0},"end":{"line":1,"column":49}},"1":{"start":{"line":2,"column":0},"end":{"line":2,"column":35}},"2":{"start":{"line":4,"column":0},"end":{"line":4,"column":35}},"3":{"start":{"line":5,"column":0},"end":{"line":5,"column":34}},"4":{"start":{"line":9,"column":8},"end":{"line":9,"column":70}},"5":{"start":{"line":12,"column":8},"end":{"line":12,"column":40}},"6":{"start":{"line":16,"column":44},"end":{"line":16,"column":68}},"7":{"start":{"line":17,"column":46},"end":{"line":17,"column":71}},"8":{"start":{"line":20,"column":8},"end":{"line":20,"column":82}},"9":{"start":{"line":21,"column":22},"end":{"line":21,"column":78}},"10":{"start":{"line":22,"column":8},"end":{"line":25,"column":null}},"11":{"start":{"line":24,"column":12},"end":{"line":24,"column":30}},"12":{"start":{"line":26,"column":8},"end":{"line":29,"column":null}},"13":{"start":{"line":27,"column":12},"end":{"line":27,"column":91}},"14":{"start":{"line":28,"column":12},"end":{"line":28,"column":27}},"15":{"start":{"line":30,"column":8},"end":{"line":30,"column":37}},"16":{"start":{"line":34,"column":44},"end":{"line":34,"column":82}},"17":{"start":{"line":35,"column":44},"end":{"line":35,"column":82}},"18":{"start":{"line":36,"column":8},"end":{"line":36,"column":63}},"19":{"start":{"line":36,"column":46},"end":{"line":36,"column":63}},"20":{"start":{"line":37,"column":34},"end":{"line":37,"column":64}},"21":{"start":{"line":38,"column":18},"end":{"line":38,"column":19}},"22":{"start":{"line":39,"column":30},"end":{"line":39,"column":32}},"23":{"start":{"line":40,"column":33},"end":{"line":40,"column":42}},"24":{"start":{"line":41,"column":8},"end":{"line":41,"column":54}},"25":{"start":{"line":41,"column":27},"end":{"line":41,"column":54}},"26":{"start":{"line":42,"column":8},"end":{"line":42,"column":54}},"27":{"start":{"line":42,"column":27},"end":{"line":42,"column":54}},"28":{"start":{"line":43,"column":8},"end":{"line":43,"column":53}},"29":{"start":{"line":43,"column":26},"end":{"line":43,"column":53}},"30":{"start":{"line":44,"column":8},"end":{"line":44,"column":53}},"31":{"start":{"line":44,"column":26},"end":{"line":44,"column":53}},"32":{"start":{"line":45,"column":8},"end":{"line":54,"column":null}},"33":{"start":{"line":46,"column":12},"end":{"line":50,"column":null}},"34":{"start":{"line":47,"column":16},"end":{"line":47,"column":88}},"35":{"start":{"line":49,"column":16},"end":{"line":49,"column":63}},"36":{"start":{"line":51,"column":15},"end":{"line":54,"column":null}},"37":{"start":{"line":52,"column":12},"end":{"line":52,"column":55}},"38":{"start":{"line":52,"column":38},"end":{"line":52,"column":55}},"39":{"start":{"line":53,"column":12},"end":{"line":53,"column":38}},"40":{"start":{"line":55,"column":8},"end":{"line":59,"column":null}},"41":{"start":{"line":56,"column":12},"end":{"line":56,"column":60}},"42":{"start":{"line":58,"column":12},"end":{"line":58,"column":37}},"43":{"start":{"line":63,"column":8},"end":{"line":63,"column":63}},"44":{"start":{"line":63,"column":38},"end":{"line":63,"column":63}},"45":{"start":{"line":64,"column":8},"end":{"line":64,"column":63}},"46":{"start":{"line":64,"column":38},"end":{"line":64,"column":63}},"47":{"start":{"line":65,"column":8},"end":{"line":65,"column":61}},"48":{"start":{"line":65,"column":36},"end":{"line":65,"column":61}},"49":{"start":{"line":66,"column":8},"end":{"line":66,"column":86}},"50":{"start":{"line":66,"column":47},"end":{"line":66,"column":86}},"51":{"start":{"line":67,"column":8},"end":{"line":67,"column":87}},"52":{"start":{"line":67,"column":48},"end":{"line":67,"column":87}},"53":{"start":{"line":68,"column":8},"end":{"line":68,"column":33}},"54":{"start":{"line":72,"column":8},"end":{"line":72,"column":54}},"55":{"start":{"line":7,"column":0},"end":{"line":7,"column":21}}},"fnMap":{"0":{"name":"(anonymous_1)","decl":{"start":{"line":8,"column":4},"end":{"line":8,"column":18}},"loc":{"start":{"line":8,"column":29},"end":{"line":10,"column":5}}},"1":{"name":"(anonymous_2)","decl":{"start":{"line":11,"column":4},"end":{"line":11,"column":16}},"loc":{"start":{"line":11,"column":47},"end":{"line":13,"column":5}}},"2":{"name":"(anonymous_3)","decl":{"start":{"line":15,"column":4},"end":{"line":15,"column":12}},"loc":{"start":{"line":15,"column":12},"end":{"line":31,"column":5}}},"3":{"name":"(anonymous_4)","decl":{"start":{"line":33,"column":4},"end":{"line":33,"column":26}},"loc":{"start":{"line":33,"column":51},"end":{"line":60,"column":5}}},"4":{"name":"(anonymous_5)","decl":{"start":{"line":62,"column":4},"end":{"line":62,"column":30}},"loc":{"start":{"line":62,"column":41},"end":{"line":69,"column":5}}},"5":{"name":"(anonymous_6)","decl":{"start":{"line":71,"column":4},"end":{"line":71,"column":9}},"loc":{"start":{"line":71,"column":9},"end":{"line":73,"column":5}}}},"branchMap":{"0":{"loc":{"start":{"line":9,"column":15},"end":{"line":9,"column":69}},"type":"binary-expr","locations":[{"start":{"line":9,"column":16},"end":{"line":9,"column":35}},{"start":{"line":9,"column":40},"end":{"line":9,"column":69}}]},"1":{"loc":{"start":{"line":21,"column":22},"end":{"line":21,"column":78}},"type":"binary-expr","locations":[{"start":{"line":21,"column":22},"end":{"line":21,"column":33}},{"start":{"line":21,"column":37},"end":{"line":21,"column":49}},{"start":{"line":21,"column":54},"end":{"line":21,"column":77}}]},"2":{"loc":{"start":{"line":22,"column":8},"end":{"line":25,"column":null}},"type":"if","locations":[{"start":{"line":22,"column":8},"end":{"line":25,"column":null}}]},"3":{"loc":{"start":{"line":26,"column":8},"end":{"line":29,"column":null}},"type":"if","locations":[{"start":{"line":26,"column":8},"end":{"line":29,"column":null}}]},"4":{"loc":{"start":{"line":26,"column":12},"end":{"line":26,"column":101}},"type":"binary-expr","locations":[{"start":{"line":26,"column":13},"end":{"line":26,"column":38}},{"start":{"line":26,"column":44},"end":{"line":26,"column":100}}]},"5":{"loc":{"start":{"line":36,"column":8},"end":{"line":36,"column":63}},"type":"if","locations":[{"start":{"line":36,"column":8},"end":{"line":36,"column":63}}]},"6":{"loc":{"start":{"line":36,"column":12},"end":{"line":36,"column":44}},"type":"binary-expr","locations":[{"start":{"line":36,"column":12},"end":{"line":36,"column":26}},{"start":{"line":36,"column":30},"end":{"line":36,"column":44}}]},"7":{"loc":{"start":{"line":37,"column":34},"end":{"line":37,"column":64}},"type":"binary-expr","locations":[{"start":{"line":37,"column":34},"end":{"line":37,"column":47}},{"start":{"line":37,"column":51},"end":{"line":37,"column":64}}]},"8":{"loc":{"start":{"line":41,"column":8},"end":{"line":41,"column":54}},"type":"if","locations":[{"start":{"line":41,"column":8},"end":{"line":41,"column":54}}]},"9":{"loc":{"start":{"line":42,"column":8},"end":{"line":42,"column":54}},"type":"if","locations":[{"start":{"line":42,"column":8},"end":{"line":42,"column":54}}]},"10":{"loc":{"start":{"line":43,"column":8},"end":{"line":43,"column":53}},"type":"if","locations":[{"start":{"line":43,"column":8},"end":{"line":43,"column":53}}]},"11":{"loc":{"start":{"line":44,"column":8},"end":{"line":44,"column":53}},"type":"if","locations":[{"start":{"line":44,"column":8},"end":{"line":44,"column":53}}]},"12":{"loc":{"start":{"line":45,"column":8},"end":{"line":54,"column":null}},"type":"if","locations":[{"start":{"line":45,"column":8},"end":{"line":54,"column":null}},{"start":{"line":51,"column":15},"end":{"line":54,"column":null}}]},"13":{"loc":{"start":{"line":46,"column":12},"end":{"line":50,"column":null}},"type":"if","locations":[{"start":{"line":46,"column":12},"end":{"line":50,"column":null}},{"start":{"line":48,"column":19},"end":{"line":50,"column":null}}]},"14":{"loc":{"start":{"line":51,"column":15},"end":{"line":54,"column":null}},"type":"if","locations":[{"start":{"line":51,"column":15},"end":{"line":54,"column":null}}]},"15":{"loc":{"start":{"line":52,"column":12},"end":{"line":52,"column":55}},"type":"if","locations":[{"start":{"line":52,"column":12},"end":{"line":52,"column":55}}]},"16":{"loc":{"start":{"line":55,"column":8},"end":{"line":59,"column":null}},"type":"if","locations":[{"start":{"line":55,"column":8},"end":{"line":59,"column":null}},{"start":{"line":57,"column":15},"end":{"line":59,"column":null}}]},"17":{"loc":{"start":{"line":63,"column":8},"end":{"line":63,"column":63}},"type":"if","locations":[{"start":{"line":63,"column":8},"end":{"line":63,"column":63}}]},"18":{"loc":{"start":{"line":64,"column":8},"end":{"line":64,"column":63}},"type":"if","locations":[{"start":{"line":64,"column":8},"end":{"line":64,"column":63}}]},"19":{"loc":{"start":{"line":65,"column":8},"end":{"line":65,"column":61}},"type":"if","locations":[{"start":{"line":65,"column":8},"end":{"line":65,"column":61}}]},"20":{"loc":{"start":{"line":66,"column":8},"end":{"line":66,"column":86}},"type":"if","locations":[{"start":{"line":66,"column":8},"end":{"line":66,"column":86}}]},"21":{"loc":{"start":{"line":67,"column":8},"end":{"line":67,"column":87}},"type":"if","locations":[{"start":{"line":67,"column":8},"end":{"line":67,"column":87}}]}},"s":{"0":2,"1":2,"2":2,"3":2,"4":0,"5":24,"6":9,"7":9,"8":9,"9":9,"10":9,"11":3,"12":9,"13":1,"14":1,"15":9,"16":9,"17":9,"18":9,"19":1,"20":8,"21":8,"22":8,"23":8,"24":8,"25":8,"26":8,"27":5,"28":8,"29":1,"30":8,"31":3,"32":8,"33":1,"34":1,"35":0,"36":7,"37":2,"38":2,"39":0,"40":6,"41":1,"42":5,"43":18,"44":12,"45":6,"46":5,"47":1,"48":0,"49":1,"50":1,"51":0,"52":0,"53":0,"54":0,"55":2},"f":{"0":0,"1":24,"2":9,"3":9,"4":18,"5":0},"b":{"0":[0,0],"1":[9,7,7],"2":[3],"3":[1],"4":[9,4],"5":[1],"6":[9,1],"7":[8,8],"8":[8],"9":[5],"10":[1],"11":[3],"12":[1,7],"13":[1,0],"14":[2],"15":[2],"16":[1,5],"17":[12],"18":[5],"19":[0],"20":[1],"21":[0]}}
,"/Users/helge/Projects/equator/src/lib/model/operations/multiply.ts": {"path":"/Users/helge/Projects/equator/src/lib/model/operations/multiply.ts","statementMap":{"0":{"start":{"line":1,"column":0},"end":{"line":1,"column":49}},"1":{"start":{"line":2,"column":0},"end":{"line":2,"column":35}},"2":{"start":{"line":4,"column":0},"end":{"line":4,"column":35}},"3":{"start":{"line":8,"column":8},"end":{"line":8,"column":75}},"4":{"start":{"line":12,"column":8},"end":{"line":12,"column":40}},"5":{"start":{"line":16,"column":44},"end":{"line":16,"column":68}},"6":{"start":{"line":17,"column":46},"end":{"line":17,"column":71}},"7":{"start":{"line":18,"column":8},"end":{"line":20,"column":null}},"8":{"start":{"line":19,"column":12},"end":{"line":19,"column":86}},"9":{"start":{"line":22,"column":25},"end":{"line":22,"column":85}},"10":{"start":{"line":23,"column":8},"end":{"line":23,"column":50}},"11":{"start":{"line":23,"column":24},"end":{"line":23,"column":50}},"12":{"start":{"line":25,"column":8},"end":{"line":25,"column":92}},"13":{"start":{"line":29,"column":44},"end":{"line":29,"column":82}},"14":{"start":{"line":30,"column":44},"end":{"line":30,"column":82}},"15":{"start":{"line":31,"column":8},"end":{"line":31,"column":63}},"16":{"start":{"line":31,"column":46},"end":{"line":31,"column":63}},"17":{"start":{"line":32,"column":22},"end":{"line":32,"column":23}},"18":{"start":{"line":33,"column":30},"end":{"line":33,"column":32}},"19":{"start":{"line":34,"column":33},"end":{"line":34,"column":42}},"20":{"start":{"line":35,"column":8},"end":{"line":35,"column":58}},"21":{"start":{"line":35,"column":27},"end":{"line":35,"column":58}},"22":{"start":{"line":36,"column":8},"end":{"line":36,"column":58}},"23":{"start":{"line":36,"column":27},"end":{"line":36,"column":58}},"24":{"start":{"line":37,"column":8},"end":{"line":37,"column":53}},"25":{"start":{"line":37,"column":26},"end":{"line":37,"column":53}},"26":{"start":{"line":38,"column":8},"end":{"line":38,"column":53}},"27":{"start":{"line":38,"column":26},"end":{"line":38,"column":53}},"28":{"start":{"line":39,"column":8},"end":{"line":48,"column":null}},"29":{"start":{"line":40,"column":12},"end":{"line":45,"column":null}},"30":{"start":{"line":41,"column":16},"end":{"line":41,"column":42}},"31":{"start":{"line":42,"column":16},"end":{"line":42,"column":29}},"32":{"start":{"line":44,"column":16},"end":{"line":44,"column":68}},"33":{"start":{"line":47,"column":12},"end":{"line":47,"column":38}},"34":{"start":{"line":49,"column":8},"end":{"line":49,"column":65}},"35":{"start":{"line":53,"column":8},"end":{"line":53,"column":63}},"36":{"start":{"line":53,"column":38},"end":{"line":53,"column":63}},"37":{"start":{"line":54,"column":8},"end":{"line":54,"column":63}},"38":{"start":{"line":54,"column":38},"end":{"line":54,"column":63}},"39":{"start":{"line":55,"column":8},"end":{"line":55,"column":66}},"40":{"start":{"line":55,"column":41},"end":{"line":55,"column":66}},"41":{"start":{"line":56,"column":8},"end":{"line":56,"column":86}},"42":{"start":{"line":56,"column":47},"end":{"line":56,"column":86}},"43":{"start":{"line":57,"column":8},"end":{"line":57,"column":87}},"44":{"start":{"line":57,"column":48},"end":{"line":57,"column":87}},"45":{"start":{"line":58,"column":8},"end":{"line":58,"column":33}},"46":{"start":{"line":62,"column":8},"end":{"line":62,"column":59}},"47":{"start":{"line":6,"column":0},"end":{"line":6,"column":21}}},"fnMap":{"0":{"name":"(anonymous_1)","decl":{"start":{"line":7,"column":4},"end":{"line":7,"column":18}},"loc":{"start":{"line":7,"column":29},"end":{"line":9,"column":5}}},"1":{"name":"(anonymous_2)","decl":{"start":{"line":11,"column":4},"end":{"line":11,"column":16}},"loc":{"start":{"line":11,"column":47},"end":{"line":13,"column":5}}},"2":{"name":"(anonymous_3)","decl":{"start":{"line":15,"column":4},"end":{"line":15,"column":12}},"loc":{"start":{"line":15,"column":12},"end":{"line":26,"column":5}}},"3":{"name":"(anonymous_4)","decl":{"start":{"line":28,"column":4},"end":{"line":28,"column":26}},"loc":{"start":{"line":28,"column":51},"end":{"line":50,"column":5}}},"4":{"name":"(anonymous_5)","decl":{"start":{"line":52,"column":4},"end":{"line":52,"column":30}},"loc":{"start":{"line":52,"column":41},"end":{"line":59,"column":5}}},"5":{"name":"(anonymous_6)","decl":{"start":{"line":61,"column":4},"end":{"line":61,"column":9}},"loc":{"start":{"line":61,"column":9},"end":{"line":63,"column":5}}}},"branchMap":{"0":{"loc":{"start":{"line":8,"column":15},"end":{"line":8,"column":74}},"type":"binary-expr","locations":[{"start":{"line":8,"column":16},"end":{"line":8,"column":40}},{"start":{"line":8,"column":45},"end":{"line":8,"column":74}}]},"1":{"loc":{"start":{"line":18,"column":8},"end":{"line":20,"column":null}},"type":"if","locations":[{"start":{"line":18,"column":8},"end":{"line":20,"column":null}}]},"2":{"loc":{"start":{"line":18,"column":12},"end":{"line":18,"column":85}},"type":"binary-expr","locations":[{"start":{"line":18,"column":12},"end":{"line":18,"column":46}},{"start":{"line":18,"column":50},"end":{"line":18,"column":85}}]},"3":{"loc":{"start":{"line":23,"column":8},"end":{"line":23,"column":50}},"type":"if","locations":[{"start":{"line":23,"column":8},"end":{"line":23,"column":50}}]},"4":{"loc":{"start":{"line":25,"column":16},"end":{"line":25,"column":43}},"type":"binary-expr","locations":[{"start":{"line":25,"column":16},"end":{"line":25,"column":27}},{"start":{"line":25,"column":31},"end":{"line":25,"column":43}}]},"5":{"loc":{"start":{"line":31,"column":8},"end":{"line":31,"column":63}},"type":"if","locations":[{"start":{"line":31,"column":8},"end":{"line":31,"column":63}}]},"6":{"loc":{"start":{"line":31,"column":12},"end":{"line":31,"column":44}},"type":"binary-expr","locations":[{"start":{"line":31,"column":12},"end":{"line":31,"column":26}},{"start":{"line":31,"column":30},"end":{"line":31,"column":44}}]},"7":{"loc":{"start":{"line":35,"column":8},"end":{"line":35,"column":58}},"type":"if","locations":[{"start":{"line":35,"column":8},"end":{"line":35,"column":58}}]},"8":{"loc":{"start":{"line":36,"column":8},"end":{"line":36,"column":58}},"type":"if","locations":[{"start":{"line":36,"column":8},"end":{"line":36,"column":58}}]},"9":{"loc":{"start":{"line":37,"column":8},"end":{"line":37,"column":53}},"type":"if","locations":[{"start":{"line":37,"column":8},"end":{"line":37,"column":53}}]},"10":{"loc":{"start":{"line":38,"column":8},"end":{"line":38,"column":53}},"type":"if","locations":[{"start":{"line":38,"column":8},"end":{"line":38,"column":53}}]},"11":{"loc":{"start":{"line":39,"column":8},"end":{"line":48,"column":null}},"type":"if","locations":[{"start":{"line":39,"column":8},"end":{"line":48,"column":null}},{"start":{"line":46,"column":15},"end":{"line":48,"column":null}}]},"12":{"loc":{"start":{"line":40,"column":12},"end":{"line":45,"column":null}},"type":"if","locations":[{"start":{"line":40,"column":12},"end":{"line":45,"column":null}},{"start":{"line":43,"column":19},"end":{"line":45,"column":null}}]},"13":{"loc":{"start":{"line":53,"column":8},"end":{"line":53,"column":63}},"type":"if","locations":[{"start":{"line":53,"column":8},"end":{"line":53,"column":63}}]},"14":{"loc":{"start":{"line":54,"column":8},"end":{"line":54,"column":63}},"type":"if","locations":[{"start":{"line":54,"column":8},"end":{"line":54,"column":63}}]},"15":{"loc":{"start":{"line":55,"column":8},"end":{"line":55,"column":66}},"type":"if","locations":[{"start":{"line":55,"column":8},"end":{"line":55,"column":66}}]},"16":{"loc":{"start":{"line":56,"column":8},"end":{"line":56,"column":86}},"type":"if","locations":[{"start":{"line":56,"column":8},"end":{"line":56,"column":86}}]},"17":{"loc":{"start":{"line":57,"column":8},"end":{"line":57,"column":87}},"type":"if","locations":[{"start":{"line":57,"column":8},"end":{"line":57,"column":87}}]}},"s":{"0":2,"1":2,"2":2,"3":0,"4":14,"5":4,"6":4,"7":4,"8":2,"9":2,"10":2,"11":2,"12":0,"13":2,"14":2,"15":2,"16":0,"17":2,"18":2,"19":2,"20":2,"21":2,"22":2,"23":0,"24":2,"25":0,"26":2,"27":2,"28":2,"29":0,"30":0,"31":0,"32":0,"33":2,"34":2,"35":4,"36":2,"37":2,"38":2,"39":0,"40":0,"41":0,"42":0,"43":0,"44":0,"45":0,"46":0,"47":2},"f":{"0":0,"1":14,"2":4,"3":2,"4":4,"5":0},"b":{"0":[0,0],"1":[2],"2":[4,4],"3":[2],"4":[0,0],"5":[0],"6":[2,0],"7":[2],"8":[0],"9":[0],"10":[2],"11":[0,2],"12":[0,0],"13":[2],"14":[2],"15":[0],"16":[0],"17":[0]}}
,"/Users/helge/Projects/equator/src/lib/parser/rpnParser.ts": {"path":"/Users/helge/Projects/equator/src/lib/parser/rpnParser.ts","statementMap":{"0":{"start":{"line":1,"column":0},"end":{"line":1,"column":41}},"1":{"start":{"line":2,"column":0},"end":{"line":2,"column":41}},"2":{"start":{"line":3,"column":0},"end":{"line":3,"column":33}},"3":{"start":{"line":5,"column":0},"end":{"line":5,"column":42}},"4":{"start":{"line":6,"column":0},"end":{"line":6,"column":52}},"5":{"start":{"line":7,"column":0},"end":{"line":7,"column":41}},"6":{"start":{"line":9,"column":0},"end":{"line":9,"column":13}},"7":{"start":{"line":13,"column":17},"end":{"line":13,"column":32}},"8":{"start":{"line":14,"column":24},"end":{"line":14,"column":26}},"9":{"start":{"line":15,"column":36},"end":{"line":15,"column":38}},"10":{"start":{"line":16,"column":4},"end":{"line":41,"column":7}},"11":{"start":{"line":17,"column":8},"end":{"line":40,"column":null}},"12":{"start":{"line":18,"column":24},"end":{"line":18,"column":35}},"13":{"start":{"line":19,"column":23},"end":{"line":19,"column":34}},"14":{"start":{"line":20,"column":12},"end":{"line":33,"column":null}},"15":{"start":{"line":21,"column":16},"end":{"line":23,"column":null}},"16":{"start":{"line":22,"column":20},"end":{"line":22,"column":82}},"17":{"start":{"line":24,"column":16},"end":{"line":24,"column":62}},"18":{"start":{"line":27,"column":16},"end":{"line":31,"column":null}},"19":{"start":{"line":28,"column":20},"end":{"line":28,"column":53}},"20":{"start":{"line":29,"column":23},"end":{"line":31,"column":null}},"21":{"start":{"line":30,"column":20},"end":{"line":30,"column":58}},"22":{"start":{"line":32,"column":16},"end":{"line":32,"column":38}},"23":{"start":{"line":34,"column":15},"end":{"line":40,"column":null}},"24":{"start":{"line":35,"column":12},"end":{"line":35,"column":52}},"25":{"start":{"line":36,"column":15},"end":{"line":40,"column":null}},"26":{"start":{"line":37,"column":12},"end":{"line":37,"column":44}},"27":{"start":{"line":39,"column":12},"end":{"line":39,"column":63}},"28":{"start":{"line":42,"column":4},"end":{"line":48,"column":null}},"29":{"start":{"line":43,"column":8},"end":{"line":47,"column":null}},"30":{"start":{"line":44,"column":12},"end":{"line":44,"column":71}},"31":{"start":{"line":46,"column":12},"end":{"line":46,"column":33}},"32":{"start":{"line":49,"column":4},"end":{"line":51,"column":null}},"33":{"start":{"line":50,"column":8},"end":{"line":50,"column":84}},"34":{"start":{"line":52,"column":17},"end":{"line":52,"column":28}},"35":{"start":{"line":53,"column":4},"end":{"line":55,"column":null}},"36":{"start":{"line":54,"column":8},"end":{"line":54,"column":80}},"37":{"start":{"line":56,"column":4},"end":{"line":56,"column":18}},"38":{"start":{"line":60,"column":17},"end":{"line":60,"column":28}},"39":{"start":{"line":61,"column":4},"end":{"line":63,"column":null}},"40":{"start":{"line":62,"column":8},"end":{"line":62,"column":22}},"41":{"start":{"line":64,"column":4},"end":{"line":64,"column":66}},"42":{"start":{"line":59,"column":0},"end":{"line":59,"column":16}},"43":{"start":{"line":68,"column":17},"end":{"line":68,"column":28}},"44":{"start":{"line":69,"column":4},"end":{"line":73,"column":null}},"45":{"start":{"line":70,"column":8},"end":{"line":72,"column":null}},"46":{"start":{"line":71,"column":12},"end":{"line":71,"column":29}},"47":{"start":{"line":74,"column":4},"end":{"line":74,"column":71}},"48":{"start":{"line":67,"column":0},"end":{"line":67,"column":16}},"49":{"start":{"line":78,"column":17},"end":{"line":78,"column":28}},"50":{"start":{"line":79,"column":4},"end":{"line":81,"column":null}},"51":{"start":{"line":80,"column":8},"end":{"line":80,"column":22}},"52":{"start":{"line":82,"column":4},"end":{"line":82,"column":78}},"53":{"start":{"line":77,"column":0},"end":{"line":77,"column":16}}},"fnMap":{"0":{"name":"parse","decl":{"start":{"line":12,"column":9},"end":{"line":12,"column":14}},"loc":{"start":{"line":12,"column":27},"end":{"line":57,"column":1}}},"1":{"name":"(anonymous_2)","decl":{"start":{"line":16,"column":19},"end":{"line":16,"column":24}},"loc":{"start":{"line":16,"column":27},"end":{"line":41,"column":5}}},"2":{"name":"parseNode","decl":{"start":{"line":59,"column":16},"end":{"line":59,"column":25}},"loc":{"start":{"line":59,"column":38},"end":{"line":65,"column":1}}},"3":{"name":"parseEquation","decl":{"start":{"line":67,"column":16},"end":{"line":67,"column":29}},"loc":{"start":{"line":67,"column":42},"end":{"line":75,"column":1}}},"4":{"name":"parseEquationSystem","decl":{"start":{"line":77,"column":16},"end":{"line":77,"column":35}},"loc":{"start":{"line":77,"column":48},"end":{"line":83,"column":1}}}},"branchMap":{"0":{"loc":{"start":{"line":17,"column":8},"end":{"line":40,"column":null}},"type":"if","locations":[{"start":{"line":17,"column":8},"end":{"line":40,"column":null}},{"start":{"line":34,"column":15},"end":{"line":40,"column":null}}]},"1":{"loc":{"start":{"line":20,"column":12},"end":{"line":33,"column":null}},"type":"if","locations":[{"start":{"line":20,"column":12},"end":{"line":33,"column":null}},{"start":{"line":25,"column":19},"end":{"line":33,"column":null}}]},"2":{"loc":{"start":{"line":21,"column":16},"end":{"line":23,"column":null}},"type":"if","locations":[{"start":{"line":21,"column":16},"end":{"line":23,"column":null}}]},"3":{"loc":{"start":{"line":27,"column":16},"end":{"line":31,"column":null}},"type":"if","locations":[{"start":{"line":27,"column":16},"end":{"line":31,"column":null}},{"start":{"line":29,"column":23},"end":{"line":31,"column":null}}]},"4":{"loc":{"start":{"line":29,"column":23},"end":{"line":31,"column":null}},"type":"if","locations":[{"start":{"line":29,"column":23},"end":{"line":31,"column":null}}]},"5":{"loc":{"start":{"line":34,"column":15},"end":{"line":40,"column":null}},"type":"if","locations":[{"start":{"line":34,"column":15},"end":{"line":40,"column":null}},{"start":{"line":36,"column":15},"end":{"line":40,"column":null}}]},"6":{"loc":{"start":{"line":36,"column":15},"end":{"line":40,"column":null}},"type":"if","locations":[{"start":{"line":36,"column":15},"end":{"line":40,"column":null}},{"start":{"line":38,"column":15},"end":{"line":40,"column":null}}]},"7":{"loc":{"start":{"line":42,"column":4},"end":{"line":48,"column":null}},"type":"if","locations":[{"start":{"line":42,"column":4},"end":{"line":48,"column":null}}]},"8":{"loc":{"start":{"line":43,"column":8},"end":{"line":47,"column":null}},"type":"if","locations":[{"start":{"line":43,"column":8},"end":{"line":47,"column":null}},{"start":{"line":45,"column":15},"end":{"line":47,"column":null}}]},"9":{"loc":{"start":{"line":49,"column":4},"end":{"line":51,"column":null}},"type":"if","locations":[{"start":{"line":49,"column":4},"end":{"line":51,"column":null}}]},"10":{"loc":{"start":{"line":49,"column":8},"end":{"line":49,"column":52}},"type":"binary-expr","locations":[{"start":{"line":49,"column":8},"end":{"line":49,"column":24}},{"start":{"line":49,"column":28},"end":{"line":49,"column":52}}]},"11":{"loc":{"start":{"line":53,"column":4},"end":{"line":55,"column":null}},"type":"if","locations":[{"start":{"line":53,"column":4},"end":{"line":55,"column":null}}]},"12":{"loc":{"start":{"line":61,"column":4},"end":{"line":63,"column":null}},"type":"if","locations":[{"start":{"line":61,"column":4},"end":{"line":63,"column":null}}]},"13":{"loc":{"start":{"line":69,"column":4},"end":{"line":73,"column":null}},"type":"if","locations":[{"start":{"line":69,"column":4},"end":{"line":73,"column":null}}]},"14":{"loc":{"start":{"line":70,"column":8},"end":{"line":72,"column":null}},"type":"if","locations":[{"start":{"line":70,"column":8},"end":{"line":72,"column":null}}]},"15":{"loc":{"start":{"line":79,"column":4},"end":{"line":81,"column":null}},"type":"if","locations":[{"start":{"line":79,"column":4},"end":{"line":81,"column":null}}]}},"s":{"0":2,"1":2,"2":2,"3":2,"4":2,"5":2,"6":2,"7":16,"8":16,"9":16,"10":16,"11":75,"12":29,"13":29,"14":29,"15":5,"16":0,"17":5,"18":24,"19":17,"20":7,"21":7,"22":24,"23":46,"24":28,"25":18,"26":18,"27":0,"28":16,"29":4,"30":0,"31":4,"32":12,"33":0,"34":12,"35":12,"36":0,"37":12,"38":12,"39":12,"40":12,"41":0,"42":2,"43":3,"44":3,"45":3,"46":3,"47":0,"48":2,"49":1,"50":1,"51":1,"52":0,"53":2},"f":{"0":16,"1":75,"2":12,"3":3,"4":1},"b":{"0":[29,46],"1":[5,24],"2":[0],"3":[17,7],"4":[7],"5":[28,18],"6":[18,0],"7":[4],"8":[0,4],"9":[0],"10":[12,12],"11":[0],"12":[12],"13":[3],"14":[3],"15":[1]}}
,"/Users/helge/Projects/equator/src/lib/solver/equationSolver.ts": {"path":"/Users/helge/Projects/equator/src/lib/solver/equationSolver.ts","statementMap":{"0":{"start":{"line":3,"column":0},"end":{"line":3,"column":85}},"1":{"start":{"line":4,"column":0},"end":{"line":4,"column":79}},"2":{"start":{"line":8,"column":12},"end":{"line":8,"column":46}},"3":{"start":{"line":11,"column":8},"end":{"line":11,"column":33}},"4":{"start":{"line":12,"column":8},"end":{"line":12,"column":62}},"5":{"start":{"line":13,"column":8},"end":{"line":13,"column":65}},"6":{"start":{"line":17,"column":36},"end":{"line":17,"column":60}},"7":{"start":{"line":19,"column":8},"end":{"line":19,"column":147}},"8":{"start":{"line":19,"column":46},"end":{"line":19,"column":105}},"9":{"start":{"line":19,"column":106},"end":{"line":19,"column":143}},"10":{"start":{"line":20,"column":8},"end":{"line":20,"column":37}},"11":{"start":{"line":6,"column":0},"end":{"line":6,"column":21}}},"fnMap":{"0":{"name":"(anonymous_1)","decl":{"start":{"line":10,"column":4},"end":{"line":10,"column":16}},"loc":{"start":{"line":10,"column":34},"end":{"line":14,"column":5}}},"1":{"name":"(anonymous_2)","decl":{"start":{"line":16,"column":4},"end":{"line":16,"column":9}},"loc":{"start":{"line":16,"column":9},"end":{"line":21,"column":5}}},"2":{"name":"(anonymous_3)","decl":{"start":{"line":19,"column":32},"end":{"line":19,"column":40}},"loc":{"start":{"line":19,"column":43},"end":{"line":19,"column":145}}}},"branchMap":{"0":{"loc":{"start":{"line":19,"column":116},"end":{"line":19,"column":142}},"type":"binary-expr","locations":[{"start":{"line":19,"column":116},"end":{"line":19,"column":123}},{"start":{"line":19,"column":127},"end":{"line":19,"column":142}}]}},"s":{"0":2,"1":2,"2":0,"3":0,"4":0,"5":0,"6":0,"7":0,"8":0,"9":0,"10":0,"11":2},"f":{"0":0,"1":0,"2":0},"b":{"0":[0,0]}}
,"/Users/helge/Projects/equator/src/lib/solver/solverStrategy.ts": {"path":"/Users/helge/Projects/equator/src/lib/solver/solverStrategy.ts","statementMap":{"0":{"start":{"line":3,"column":0},"end":{"line":3,"column":30}}},"fnMap":{},"branchMap":{},"s":{"0":2},"f":{},"b":{}}
,"/Users/helge/Projects/equator/src/lib/solver/strategies/RemoveMultiplierFromVariable.ts": {"path":"/Users/helge/Projects/equator/src/lib/solver/strategies/RemoveMultiplierFromVariable.ts","statementMap":{"0":{"start":{"line":1,"column":0},"end":{"line":1,"column":44}},"1":{"start":{"line":2,"column":0},"end":{"line":2,"column":44}},"2":{"start":{"line":4,"column":0},"end":{"line":4,"column":47}},"3":{"start":{"line":5,"column":0},"end":{"line":5,"column":44}},"4":{"start":{"line":7,"column":0},"end":{"line":7,"column":55}},"5":{"start":{"line":11,"column":8},"end":{"line":13,"column":null}},"6":{"start":{"line":12,"column":12},"end":{"line":12,"column":101}},"7":{"start":{"line":14,"column":8},"end":{"line":16,"column":null}},"8":{"start":{"line":15,"column":12},"end":{"line":15,"column":101}},"9":{"start":{"line":17,"column":8},"end":{"line":17,"column":33}},"10":{"start":{"line":21,"column":20},"end":{"line":21,"column":92}},"11":{"start":{"line":22,"column":8},"end":{"line":26,"column":null}},"12":{"start":{"line":23,"column":26},"end":{"line":23,"column":50}},"13":{"start":{"line":24,"column":12},"end":{"line":25,"column":99}},"14":{"start":{"line":27,"column":8},"end":{"line":27,"column":21}},"15":{"start":{"line":31,"column":29},"end":{"line":31,"column":53}},"16":{"start":{"line":34,"column":8},"end":{"line":37,"column":null}},"17":{"start":{"line":35,"column":12},"end":{"line":35,"column":48}},"18":{"start":{"line":36,"column":12},"end":{"line":36,"column":61}},"19":{"start":{"line":38,"column":8},"end":{"line":41,"column":null}},"20":{"start":{"line":39,"column":12},"end":{"line":39,"column":61}},"21":{"start":{"line":40,"column":12},"end":{"line":40,"column":48}},"22":{"start":{"line":42,"column":8},"end":{"line":42,"column":97}},"23":{"start":{"line":9,"column":0},"end":{"line":9,"column":21}}},"fnMap":{"0":{"name":"(anonymous_1)","decl":{"start":{"line":10,"column":4},"end":{"line":10,"column":9}},"loc":{"start":{"line":10,"column":28},"end":{"line":18,"column":5}}},"1":{"name":"(anonymous_2)","decl":{"start":{"line":20,"column":4},"end":{"line":20,"column":9}},"loc":{"start":{"line":20,"column":48},"end":{"line":28,"column":5}}},"2":{"name":"(anonymous_3)","decl":{"start":{"line":30,"column":4},"end":{"line":30,"column":10}},"loc":{"start":{"line":30,"column":53},"end":{"line":43,"column":5}}}},"branchMap":{"0":{"loc":{"start":{"line":11,"column":8},"end":{"line":13,"column":null}},"type":"if","locations":[{"start":{"line":11,"column":8},"end":{"line":13,"column":null}}]},"1":{"loc":{"start":{"line":14,"column":8},"end":{"line":16,"column":null}},"type":"if","locations":[{"start":{"line":14,"column":8},"end":{"line":16,"column":null}}]},"2":{"loc":{"start":{"line":21,"column":20},"end":{"line":21,"column":92}},"type":"binary-expr","locations":[{"start":{"line":21,"column":21},"end":{"line":21,"column":53}},{"start":{"line":21,"column":59},"end":{"line":21,"column":91}}]},"3":{"loc":{"start":{"line":22,"column":8},"end":{"line":26,"column":null}},"type":"if","locations":[{"start":{"line":22,"column":8},"end":{"line":26,"column":null}}]},"4":{"loc":{"start":{"line":22,"column":12},"end":{"line":22,"column":53}},"type":"binary-expr","locations":[{"start":{"line":22,"column":12},"end":{"line":22,"column":44}},{"start":{"line":22,"column":48},"end":{"line":22,"column":53}}]},"5":{"loc":{"start":{"line":24,"column":20},"end":{"line":25,"column":98}},"type":"binary-expr","locations":[{"start":{"line":24,"column":21},"end":{"line":24,"column":57}},{"start":{"line":24,"column":61},"end":{"line":24,"column":98}},{"start":{"line":25,"column":20},"end":{"line":25,"column":56}},{"start":{"line":25,"column":60},"end":{"line":25,"column":97}}]},"6":{"loc":{"start":{"line":34,"column":8},"end":{"line":37,"column":null}},"type":"if","locations":[{"start":{"line":34,"column":8},"end":{"line":37,"column":null}}]},"7":{"loc":{"start":{"line":38,"column":8},"end":{"line":41,"column":null}},"type":"if","locations":[{"start":{"line":38,"column":8},"end":{"line":41,"column":null}}]}},"s":{"0":2,"1":2,"2":2,"3":2,"4":2,"5":0,"6":0,"7":0,"8":0,"9":0,"10":0,"11":0,"12":0,"13":0,"14":0,"15":0,"16":0,"17":0,"18":0,"19":0,"20":0,"21":0,"22":0,"23":2},"f":{"0":0,"1":0,"2":0},"b":{"0":[0],"1":[0],"2":[0,0],"3":[0],"4":[0,0],"5":[0,0,0,0],"6":[0],"7":[0]}}
,"/Users/helge/Projects/equator/src/lib/solver/strategies/RemoveSummandFromVariable.ts": {"path":"/Users/helge/Projects/equator/src/lib/solver/strategies/RemoveSummandFromVariable.ts","statementMap":{"0":{"start":{"line":1,"column":0},"end":{"line":1,"column":44}},"1":{"start":{"line":2,"column":0},"end":{"line":2,"column":44}},"2":{"start":{"line":3,"column":0},"end":{"line":3,"column":45}},"3":{"start":{"line":4,"column":0},"end":{"line":4,"column":47}},"4":{"start":{"line":5,"column":0},"end":{"line":5,"column":44}},"5":{"start":{"line":10,"column":8},"end":{"line":12,"column":null}},"6":{"start":{"line":11,"column":12},"end":{"line":11,"column":96}},"7":{"start":{"line":13,"column":8},"end":{"line":15,"column":null}},"8":{"start":{"line":14,"column":12},"end":{"line":14,"column":96}},"9":{"start":{"line":16,"column":8},"end":{"line":16,"column":33}},"10":{"start":{"line":20,"column":20},"end":{"line":20,"column":82}},"11":{"start":{"line":21,"column":8},"end":{"line":25,"column":null}},"12":{"start":{"line":22,"column":26},"end":{"line":22,"column":40}},"13":{"start":{"line":23,"column":12},"end":{"line":24,"column":99}},"14":{"start":{"line":26,"column":8},"end":{"line":26,"column":21}},"15":{"start":{"line":30,"column":29},"end":{"line":30,"column":53}},"16":{"start":{"line":33,"column":8},"end":{"line":36,"column":null}},"17":{"start":{"line":34,"column":12},"end":{"line":34,"column":43}},"18":{"start":{"line":35,"column":12},"end":{"line":35,"column":56}},"19":{"start":{"line":37,"column":8},"end":{"line":40,"column":null}},"20":{"start":{"line":38,"column":12},"end":{"line":38,"column":56}},"21":{"start":{"line":39,"column":12},"end":{"line":39,"column":43}},"22":{"start":{"line":41,"column":8},"end":{"line":41,"column":97}},"23":{"start":{"line":8,"column":0},"end":{"line":8,"column":21}}},"fnMap":{"0":{"name":"(anonymous_1)","decl":{"start":{"line":9,"column":4},"end":{"line":9,"column":9}},"loc":{"start":{"line":9,"column":28},"end":{"line":17,"column":5}}},"1":{"name":"(anonymous_2)","decl":{"start":{"line":19,"column":4},"end":{"line":19,"column":9}},"loc":{"start":{"line":19,"column":43},"end":{"line":27,"column":5}}},"2":{"name":"(anonymous_3)","decl":{"start":{"line":29,"column":4},"end":{"line":29,"column":10}},"loc":{"start":{"line":29,"column":43},"end":{"line":42,"column":5}}}},"branchMap":{"0":{"loc":{"start":{"line":10,"column":8},"end":{"line":12,"column":null}},"type":"if","locations":[{"start":{"line":10,"column":8},"end":{"line":12,"column":null}}]},"1":{"loc":{"start":{"line":13,"column":8},"end":{"line":15,"column":null}},"type":"if","locations":[{"start":{"line":13,"column":8},"end":{"line":15,"column":null}}]},"2":{"loc":{"start":{"line":20,"column":20},"end":{"line":20,"column":82}},"type":"binary-expr","locations":[{"start":{"line":20,"column":21},"end":{"line":20,"column":43}},{"start":{"line":20,"column":49},"end":{"line":20,"column":81}}]},"3":{"loc":{"start":{"line":21,"column":8},"end":{"line":25,"column":null}},"type":"if","locations":[{"start":{"line":21,"column":8},"end":{"line":25,"column":null}}]},"4":{"loc":{"start":{"line":21,"column":12},"end":{"line":21,"column":43}},"type":"binary-expr","locations":[{"start":{"line":21,"column":12},"end":{"line":21,"column":34}},{"start":{"line":21,"column":38},"end":{"line":21,"column":43}}]},"5":{"loc":{"start":{"line":23,"column":20},"end":{"line":24,"column":98}},"type":"binary-expr","locations":[{"start":{"line":23,"column":21},"end":{"line":23,"column":57}},{"start":{"line":23,"column":61},"end":{"line":23,"column":98}},{"start":{"line":24,"column":20},"end":{"line":24,"column":56}},{"start":{"line":24,"column":60},"end":{"line":24,"column":97}}]},"6":{"loc":{"start":{"line":33,"column":8},"end":{"line":36,"column":null}},"type":"if","locations":[{"start":{"line":33,"column":8},"end":{"line":36,"column":null}}]},"7":{"loc":{"start":{"line":37,"column":8},"end":{"line":40,"column":null}},"type":"if","locations":[{"start":{"line":37,"column":8},"end":{"line":40,"column":null}}]}},"s":{"0":2,"1":2,"2":2,"3":2,"4":2,"5":0,"6":0,"7":0,"8":0,"9":0,"10":0,"11":0,"12":0,"13":0,"14":0,"15":0,"16":0,"17":0,"18":0,"19":0,"20":0,"21":0,"22":0,"23":2},"f":{"0":0,"1":0,"2":0},"b":{"0":[0],"1":[0],"2":[0,0],"3":[0],"4":[0,0],"5":[0,0,0,0],"6":[0],"7":[0]}}
}
