TN:
SF:src/lib/model/binaryOperation.ts
FN:8,(anonymous_1)
FN:14,(anonymous_2)
FN:18,(anonymous_3)
FN:22,(anonymous_4)
FNF:4
FNH:1
FNDA:38,(anonymous_1)
FNDA:0,(anonymous_2)
FNDA:0,(anonymous_3)
FNDA:0,(anonymous_4)
DA:3,2
DA:5,2
DA:9,38
DA:10,38
DA:11,38
DA:15,0
DA:19,0
DA:23,0
DA:24,0
DA:25,0
DA:26,0
DA:27,0
DA:28,0
DA:29,0
DA:31,0
LF:15
LH:5
BRDA:19,0,0,0
BRDA:19,0,1,0
BRDA:19,0,2,0
BRDA:19,0,3,0
BRDA:25,1,0,0
BRDA:25,2,0,0
BRDA:25,2,1,0
BRF:7
BRH:0
end_of_record
TN:
SF:src/lib/model/constant.ts
FN:10,(anonymous_1)
FN:6,(anonymous_2)
FN:15,(anonymous_3)
FN:19,(anonymous_4)
FNF:4
FNH:2
FNDA:55,(anonymous_1)
FNDA:3,(anonymous_2)
FNDA:0,(anonymous_3)
FNDA:0,(anonymous_4)
DA:2,2
DA:5,2
DA:7,3
DA:11,55
DA:12,55
DA:16,0
DA:20,0
LF:7
LH:5
BRDA:7,0,0,3
BRDA:7,0,1,0
BRF:2
BRH:1
end_of_record
TN:
SF:src/lib/model/equation.ts
FN:9,(anonymous_1)
FN:14,(anonymous_2)
FN:22,(anonymous_3)
FN:26,(anonymous_4)
FN:37,(anonymous_5)
FN:41,(anonymous_6)
FNF:6
FNH:1
FNDA:10,(anonymous_1)
FNDA:0,(anonymous_2)
FNDA:0,(anonymous_3)
FNDA:0,(anonymous_4)
FNDA:0,(anonymous_5)
FNDA:0,(anonymous_6)
DA:1,2
DA:2,2
DA:4,2
DA:6,2
DA:10,10
DA:11,10
DA:15,0
DA:16,0
DA:17,0
DA:18,0
DA:19,0
DA:23,0
DA:27,0
DA:29,0
DA:30,0
DA:31,0
DA:32,0
DA:34,0
DA:38,0
DA:42,0
DA:43,0
DA:44,0
DA:45,0
DA:46,0
LF:24
LH:6
BRDA:17,0,0,0
BRDA:17,1,0,0
BRDA:17,1,1,0
BRDA:27,2,0,0
BRDA:27,2,1,0
BRDA:27,2,2,0
BRDA:27,2,3,0
BRDA:29,3,0,0
BRDA:29,4,0,0
BRDA:29,4,1,0
BRDA:44,5,0,0
BRDA:44,6,0,0
BRDA:44,6,1,0
BRF:13
BRH:0
end_of_record
TN:
SF:src/lib/model/leaf.ts
FN:4,(anonymous_1)
FNF:1
FNH:1
FNDA:21,(anonymous_1)
DA:1,2
DA:3,2
DA:5,21
LF:3
LH:3
BRF:0
BRH:0
end_of_record
TN:
SF:src/lib/model/node.ts
FNF:0
FNH:0
DA:3,2
LF:1
LH:1
BRF:0
BRH:0
end_of_record
TN:
SF:src/lib/model/operation.ts
FN:5,(anonymous_1)
FNF:1
FNH:1
FNDA:38,(anonymous_1)
DA:1,2
DA:3,2
DA:6,38
DA:7,38
LF:4
LH:4
BRF:0
BRH:0
end_of_record
TN:
SF:src/lib/model/variable.ts
FN:12,(anonymous_1)
FN:6,(anonymous_2)
FN:17,(anonymous_3)
FN:21,(anonymous_4)
FN:22,(anonymous_5)
FNF:5
FNH:2
FNDA:28,(anonymous_1)
FNDA:2,(anonymous_2)
FNDA:0,(anonymous_3)
FNDA:0,(anonymous_4)
FNDA:0,(anonymous_5)
DA:2,2
DA:5,2
DA:7,2
DA:13,28
DA:14,28
DA:18,0
DA:22,0
DA:23,0
DA:24,0
DA:26,0
LF:10
LH:5
BRDA:7,0,0,2
BRDA:7,0,1,2
BRDA:23,1,0,0
BRF:3
BRH:2
end_of_record
TN:
SF:src/lib/model/operations/add.ts
FN:8,(anonymous_1)
FN:11,(anonymous_2)
FN:15,(anonymous_3)
FN:33,(anonymous_4)
FN:62,(anonymous_5)
FN:71,(anonymous_6)
FNF:6
FNH:4
FNDA:0,(anonymous_1)
FNDA:24,(anonymous_2)
FNDA:9,(anonymous_3)
FNDA:9,(anonymous_4)
FNDA:18,(anonymous_5)
FNDA:0,(anonymous_6)
DA:1,2
DA:2,2
DA:4,2
DA:5,2
DA:7,2
DA:9,0
DA:12,24
DA:16,9
DA:17,9
DA:20,9
DA:21,9
DA:22,9
DA:24,3
DA:26,9
DA:27,1
DA:28,1
DA:30,9
DA:34,9
DA:35,9
DA:36,9
DA:37,8
DA:38,8
DA:39,8
DA:40,8
DA:41,8
DA:42,8
DA:43,8
DA:44,8
DA:45,8
DA:46,1
DA:47,1
DA:49,0
DA:51,7
DA:52,2
DA:53,0
DA:55,6
DA:56,1
DA:58,5
DA:63,18
DA:64,6
DA:65,1
DA:66,1
DA:67,0
DA:68,0
DA:72,0
LF:45
LH:39
BRDA:9,0,0,0
BRDA:9,0,1,0
BRDA:21,1,0,9
BRDA:21,1,1,7
BRDA:21,1,2,7
BRDA:22,2,0,3
BRDA:26,3,0,1
BRDA:26,4,0,9
BRDA:26,4,1,4
BRDA:36,5,0,1
BRDA:36,6,0,9
BRDA:36,6,1,1
BRDA:37,7,0,8
BRDA:37,7,1,8
BRDA:41,8,0,8
BRDA:42,9,0,5
BRDA:43,10,0,1
BRDA:44,11,0,3
BRDA:45,12,0,1
BRDA:45,12,1,7
BRDA:46,13,0,1
BRDA:46,13,1,0
BRDA:51,14,0,2
BRDA:52,15,0,2
BRDA:55,16,0,1
BRDA:55,16,1,5
BRDA:63,17,0,12
BRDA:64,18,0,5
BRDA:65,19,0,0
BRDA:66,20,0,1
BRDA:67,21,0,0
BRF:31
BRH:26
end_of_record
TN:
SF:src/lib/model/operations/multiply.ts
FN:7,(anonymous_1)
FN:11,(anonymous_2)
FN:15,(anonymous_3)
FN:28,(anonymous_4)
FN:52,(anonymous_5)
FN:61,(anonymous_6)
FNF:6
FNH:4
FNDA:0,(anonymous_1)
FNDA:14,(anonymous_2)
FNDA:4,(anonymous_3)
FNDA:2,(anonymous_4)
FNDA:4,(anonymous_5)
FNDA:0,(anonymous_6)
DA:1,2
DA:2,2
DA:4,2
DA:6,2
DA:8,0
DA:12,14
DA:16,4
DA:17,4
DA:18,4
DA:19,2
DA:22,2
DA:23,2
DA:25,0
DA:29,2
DA:30,2
DA:31,2
DA:32,2
DA:33,2
DA:34,2
DA:35,2
DA:36,2
DA:37,2
DA:38,2
DA:39,2
DA:40,0
DA:41,0
DA:42,0
DA:44,0
DA:47,2
DA:49,2
DA:53,4
DA:54,2
DA:55,0
DA:56,0
DA:57,0
DA:58,0
DA:62,0
LF:37
LH:26
BRDA:8,0,0,0
BRDA:8,0,1,0
BRDA:18,1,0,2
BRDA:18,2,0,4
BRDA:18,2,1,4
BRDA:23,3,0,2
BRDA:25,4,0,0
BRDA:25,4,1,0
BRDA:31,5,0,0
BRDA:31,6,0,2
BRDA:31,6,1,0
BRDA:35,7,0,2
BRDA:36,8,0,0
BRDA:37,9,0,0
BRDA:38,10,0,2
BRDA:39,11,0,0
BRDA:39,11,1,2
BRDA:40,12,0,0
BRDA:40,12,1,0
BRDA:53,13,0,2
BRDA:54,14,0,2
BRDA:55,15,0,0
BRDA:56,16,0,0
BRDA:57,17,0,0
BRF:24
BRH:10
end_of_record
TN:
SF:src/lib/parser/rpnParser.ts
FN:12,parse
FN:16,(anonymous_2)
FN:59,parseNode
FN:67,parseEquation
FN:77,parseEquationSystem
FNF:5
FNH:5
FNDA:16,parse
FNDA:75,(anonymous_2)
FNDA:12,parseNode
FNDA:3,parseEquation
FNDA:1,parseEquationSystem
DA:1,2
DA:2,2
DA:3,2
DA:5,2
DA:6,2
DA:7,2
DA:9,2
DA:13,16
DA:14,16
DA:15,16
DA:16,16
DA:17,75
DA:18,29
DA:19,29
DA:20,29
DA:21,5
DA:22,0
DA:24,5
DA:27,24
DA:28,17
DA:29,7
DA:30,7
DA:32,24
DA:34,46
DA:35,28
DA:36,18
DA:37,18
DA:39,0
DA:42,16
DA:43,4
DA:44,0
DA:46,4
DA:49,12
DA:50,0
DA:52,12
DA:53,12
DA:54,0
DA:56,12
DA:59,2
DA:60,12
DA:61,12
DA:62,12
DA:64,0
DA:67,2
DA:68,3
DA:69,3
DA:70,3
DA:71,3
DA:74,0
DA:77,2
DA:78,1
DA:79,1
DA:80,1
DA:82,0
LF:54
LH:46
BRDA:17,0,0,29
BRDA:17,0,1,46
BRDA:20,1,0,5
BRDA:20,1,1,24
BRDA:21,2,0,0
BRDA:27,3,0,17
BRDA:27,3,1,7
BRDA:29,4,0,7
BRDA:34,5,0,28
BRDA:34,5,1,18
BRDA:36,6,0,18
BRDA:36,6,1,0
BRDA:42,7,0,4
BRDA:43,8,0,0
BRDA:43,8,1,4
BRDA:49,9,0,0
BRDA:49,10,0,12
BRDA:49,10,1,12
BRDA:53,11,0,0
BRDA:61,12,0,12
BRDA:69,13,0,3
BRDA:70,14,0,3
BRDA:79,15,0,1
BRF:23
BRH:18
end_of_record
TN:
SF:src/lib/solver/equationSolver.ts
FN:10,(anonymous_1)
FN:16,(anonymous_2)
FN:19,(anonymous_3)
FNF:3
FNH:0
FNDA:0,(anonymous_1)
FNDA:0,(anonymous_2)
FNDA:0,(anonymous_3)
DA:3,2
DA:4,2
DA:6,2
DA:8,0
DA:11,0
DA:12,0
DA:13,0
DA:17,0
DA:19,0
DA:20,0
LF:10
LH:3
BRDA:19,0,0,0
BRDA:19,0,1,0
BRF:2
BRH:0
end_of_record
TN:
SF:src/lib/solver/solverStrategy.ts
FNF:0
FNH:0
DA:3,2
LF:1
LH:1
BRF:0
BRH:0
end_of_record
TN:
SF:src/lib/solver/strategies/RemoveMultiplierFromVariable.ts
FN:10,(anonymous_1)
FN:20,(anonymous_2)
FN:30,(anonymous_3)
FNF:3
FNH:0
FNDA:0,(anonymous_1)
FNDA:0,(anonymous_2)
FNDA:0,(anonymous_3)
DA:1,2
DA:2,2
DA:4,2
DA:5,2
DA:7,2
DA:9,2
DA:11,0
DA:12,0
DA:14,0
DA:15,0
DA:17,0
DA:21,0
DA:22,0
DA:23,0
DA:24,0
DA:27,0
DA:31,0
DA:34,0
DA:35,0
DA:36,0
DA:38,0
DA:39,0
DA:40,0
DA:42,0
LF:24
LH:6
BRDA:11,0,0,0
BRDA:14,1,0,0
BRDA:21,2,0,0
BRDA:21,2,1,0
BRDA:22,3,0,0
BRDA:22,4,0,0
BRDA:22,4,1,0
BRDA:24,5,0,0
BRDA:24,5,1,0
BRDA:24,5,2,0
BRDA:24,5,3,0
BRDA:34,6,0,0
BRDA:38,7,0,0
BRF:13
BRH:0
end_of_record
TN:
SF:src/lib/solver/strategies/RemoveSummandFromVariable.ts
FN:9,(anonymous_1)
FN:19,(anonymous_2)
FN:29,(anonymous_3)
FNF:3
FNH:0
FNDA:0,(anonymous_1)
FNDA:0,(anonymous_2)
FNDA:0,(anonymous_3)
DA:1,2
DA:2,2
DA:3,2
DA:4,2
DA:5,2
DA:8,2
DA:10,0
DA:11,0
DA:13,0
DA:14,0
DA:16,0
DA:20,0
DA:21,0
DA:22,0
DA:23,0
DA:26,0
DA:30,0
DA:33,0
DA:34,0
DA:35,0
DA:37,0
DA:38,0
DA:39,0
DA:41,0
LF:24
LH:6
BRDA:10,0,0,0
BRDA:13,1,0,0
BRDA:20,2,0,0
BRDA:20,2,1,0
BRDA:21,3,0,0
BRDA:21,4,0,0
BRDA:21,4,1,0
BRDA:23,5,0,0
BRDA:23,5,1,0
BRDA:23,5,2,0
BRDA:23,5,3,0
BRDA:33,6,0,0
BRDA:37,7,0,0
BRF:13
BRH:0
end_of_record
